Arguments: 
  C:\Program Files (x86)\Nodist\v-x64\12.19.0\node.exe C:\Program Files (x86)\Yarn\bin\yarn.js

PATH: 
  C:\Program Files\Git\mingw64\bin;C:\Program Files\Git\usr\bin;C:\Users\sethu\bin;C:\Users\sethu\AppData\Local\Programs\Python\Python38-32\Scripts;C:\Program Files\AdoptOpenJDK\jre-15.0.0.36-hotspot\bin;C:\Program Files (x86)\Intel\iCLS Client;C:\Program Files\Intel\iCLS Client;C:\Windows\system32;C:\Windows;C:\Windows\System32\Wbem;C:\Windows\System32\WindowsPowerShell\v1.0;C:\Program Files (x86)\Intel\Intel(R) Management Engine Components\DAL;C:\Program Files\Intel\Intel(R) Management Engine Components\DAL;C:\Program Files (x86)\Intel\Intel(R) Management Engine Components\IPT;C:\Program Files\Intel\Intel(R) Management Engine Components\IPT;C:\Program Files (x86)\NVIDIA Corporation\PhysX\Common;C:\WINDOWS\system32;C:\WINDOWS;C:\WINDOWS\System32\Wbem;C:\WINDOWS\System32\WindowsPowerShell\v1.0;C:\WINDOWS\System32\OpenSSH;C:\Program Files\Intel\WiFi\bin;C:\Program Files\Common Files\Intel\WirelessCommon;C:\Program Files\Microsoft VS Code\bin;C:\Program Files (x86)\Yarn\bin;C:\Program Files\Git\cmd;C:\Program Files (x86)\Nodist\bin;C:\ProgramData\chocolatey\bin;C:\Go\bin;C:\Program Files (x86)\Common Files\Sony Shared\FeliCaLibrary;C:\Program Files\Common Files\Sony Shared\FeliCaLibrary;C:\Program Files (x86)\Common Files\Sony Shared\FeliCaNFCLibrary;C:\Program Files\Common Files\Sony Shared\FeliCaNFCLibrary;C:\Program Files\MySQL\MySQL Shell 8.0\bin;C:\Program Files\Oracle\VirtualBox;C:\Users\sethu\AppData\Local\Yarn\bin;C:\Program Files\heroku\bin;C:\texlive\2020\bin\win32;C:\Users\sethu\AppData\Roaming\Composer\vendor\bin;C:\Users\sethu\AppData\Roaming\npm;C:\Users\sethu\anaconda3;C:\Program Files\mingw-w64\x86_64-8.1.0-posix-seh-rt_v6-rev0\mingw64\bin;C:\Program Files (x86)\Nodist\bin\bin;C:\Program Files\MySQL\MySQL Server 8.0\bin;C:\Users\sethu\go\bin;C:\Users\sethu\AppData\Local\GitHubDesktop\bin;C:\Users\sethu\AppData\Local\Microsoft\WindowsApps

Yarn version: 
  1.22.4

Node version: 
  12.19.0

Platform: 
  win32 x64

Trace: 
  SyntaxError: C:\Users\sethu\Documents\mokumoku\jacla_key_api\package.json: Unexpected token } in JSON at position 302
      at JSON.parse (<anonymous>)
      at C:\Program Files (x86)\Yarn\lib\cli.js:1625:59
      at Generator.next (<anonymous>)
      at step (C:\Program Files (x86)\Yarn\lib\cli.js:310:30)
      at C:\Program Files (x86)\Yarn\lib\cli.js:321:13

npm manifest: 
  {
    "name": "functions",
    "scripts": {
      "lint": "eslint --ext .js,.ts .",
      "build": "tsc",
      "serve": "npm run build && firebase emulators:start --only functions",
      "shell": "npm run build && firebase functions:shell",
      "start": "npm run shell",
      "deploy": "firebase deploy --only functions",
      "logs": "firebase functions:log",
      "generate": "graphql-codegen --config codegen.yml"
    },
    "engines": {
      "node": "12"
    },
    "main": "lib/index.js",
    "dependencies": {
      "firebase-admin": "^9.2.0",
      "firebase-functions": "^3.11.0",
      "graphql": "^15.5.0"
    },
    "devDependencies": {
      "@typescript-eslint/eslint-plugin": "^3.9.1",
      "@typescript-eslint/parser": "^3.8.0",
      "@graphql-codegen/cli": "1.20.1",
      "@graphql-codegen/typescript-operations": "^1.17.14",
      "@graphql-codegen/typescript": "1.21.0",
      "@graphql-codegen/typescript-resolvers": "1.18.2",
      "@graphql-codegen/introspection": "1.18.1",
      "eslint": "^7.6.0",
      "eslint-config-google": "^0.14.0",
      "eslint-plugin-import": "^2.22.0",
      "firebase-functions-test": "^0.2.0",
      "typescript": "^3.8.0"
    },
    "private": true
  }

yarn manifest: 
  No manifest

Lockfile: 
  No lockfile
